Arguments: 
  /usr/local/Cellar/node/13.2.0/bin/node /usr/local/bin/yarn build

PATH: 
  /usr/local/bin:/usr/bin:/bin:/usr/sbin:/sbin:/Users/Sam/Library/Android/sdktools/:/Users/Sam/Library/Android/sdkplatform-tools/:/Users/Sam/Library/Android/sdktools/:/Users/Sam/Library/Android/sdkplatform-tools/

Yarn version: 
  1.21.0

Node version: 
  13.2.0

Platform: 
  darwin x64

Trace: 
  SyntaxError: /Users/Sam/Development/useful-hooks/package.json: Unexpected token } in JSON at position 286
      at JSON.parse (<anonymous>)
      at /usr/local/lib/node_modules/yarn/lib/cli.js:1625:59
      at Generator.next (<anonymous>)
      at step (/usr/local/lib/node_modules/yarn/lib/cli.js:304:30)
      at /usr/local/lib/node_modules/yarn/lib/cli.js:315:13

npm manifest: 
  {
    "name": "useful-hooks",
    "version": "1.0.0",
    "description": "A collection of useful hooks",
    "main": "index.js",
    "author": "Sam Anderson <sam@andomain.co.uk>",
    "license": "MIT",
    "scripts": {
      "test": "echo \"Error: no test specified\" && exit 1",
      "build": "tsc",
    }
    "devDependencies": {
      "typescript": "^3.8.3"
    }
  }

yarn manifest: 
  No manifest

Lockfile: 
  # THIS IS AN AUTOGENERATED FILE. DO NOT EDIT THIS FILE DIRECTLY.
  # yarn lockfile v1
  
  
  typescript@^3.8.3:
    version "3.8.3"
    resolved "https://registry.yarnpkg.com/typescript/-/typescript-3.8.3.tgz#409eb8544ea0335711205869ec458ab109ee1061"
    integrity sha512-MYlEfn5VrLNsgudQTVJeNaQFUAI7DkhnOjdpAp4T+ku1TfQClewlbSuTVHiA+8skNBgaf02TL/kLOvig4y3G8w==
